Build started 05.05.2016 17:10:45.
     1>Project "C:\visual studio 2015\Projects\StarSystem\StarSystem\StarSystem.vcxproj" on node 2 (Build target(s)).
     1>ClCompile:
         C:\Program Files (x86)\Microsoft Visual Studio 14.0\VC\bin\CL.exe /c /I"C:\visual studio 2015\Projects\StarSystem\packages\AntTweakBar.1.16.2\build\native\../..//build/native/include/" /I"C:\visual studio 2015\Projects\StarSystem\packages\nupengl.core.0.1.0.1\build\native\../..//build/native/include/" /Zi /nologo /W3 /WX- /O2 /Oi /Oy- /GL /D HAS_ANTTWEAKBAR /D WIN32 /D NDEBUG /D _CONSOLE /D _UNICODE /D UNICODE /Gm- /EHsc /MD /GS /Gy /fp:precise /Zc:wchar_t /Zc:forScope /Zc:inline /Yu"stdafx.h" /Fp"Release\StarSystem.pch" /Fo"Release\\" /Fd"Release\vc140.pdb" /Gd /TP /analyze- /errorReport:prompt SpaceObjects.cpp StarSystem.cpp camera.cpp glutCB.cpp utils.cpp
         SpaceObjects.cpp
     1>SpaceObjects.cpp(117): warning C4305: 'argument': truncation from 'double' to 'GLfloat'
     1>SpaceObjects.cpp(118): warning C4305: 'argument': truncation from 'double' to 'GLfloat'
     1>SpaceObjects.cpp(195): warning C4838: conversion from 'double' to 'float' requires a narrowing conversion
     1>SpaceObjects.cpp(195): warning C4244: 'initializing': conversion from 'double' to 'float', possible loss of data
         StarSystem.cpp
     1>StarSystem.cpp(4): warning C4603: '_CRT_SECURE_NO_DEPRECATE': macro is not defined or definition is different after precompiled header use
         StarSystem.cpp(4): note: Add macro to precompiled header instead of defining here
         StarSystem.cpp(6): note: use of precompiled header
         camera.cpp
         glutCB.cpp
     1>glutCB.cpp(97): error C2039: 'resuRendering': is not a member of 'RenderManager'
         c:\visual studio 2015\projects\starsystem\starsystem\RenderManager.h(5): note: see declaration of 'RenderManager'
     1>glutCB.cpp(97): error C3861: 'resuRendering': identifier not found
         utils.cpp
     1>Done Building Project "C:\visual studio 2015\Projects\StarSystem\StarSystem\StarSystem.vcxproj" (Build target(s)) -- FAILED.

Build FAILED.

Time Elapsed 00:00:10.73
